<?xml version="1.0" encoding="UTF-8"?>
<!-- Generated by org.testng.reporters.JUnitReportReporter -->
<testsuite skipped="0" hostname="001379" name="testNGPCK.testNGCLASS" tests="2" failures="0" timestamp="16 Jan 2020 08:59:00 GMT" time="29.106" errors="0">
  <testcase name="enterCredentials1" time="16.715" classname="testNGPCK.testNGCLASS"/>
  <testcase name="enterCredentials2" time="12.391" classname="testNGPCK.testNGCLASS"/>
</testsuite> <!-- testNGPCK.testNGCLASS -->
